<?xml version="1.0" encoding="UTF-8"?>
<testng-results ignored="0" total="15" passed="15" failed="0" skipped="0">
  <reporter-output>
  </reporter-output>
  <suite started-at="2025-12-10T10:07:52 WIB" name="Command line suite" finished-at="2025-12-10T10:08:01 WIB" duration-ms="8844">
    <groups>
    </groups>
    <test started-at="2025-12-10T10:07:52 WIB" name="Command line test" finished-at="2025-12-10T10:08:01 WIB" duration-ms="8844">
      <class name="com.juaracoding.resttest.api.LoginAPITest">
        <test-method is-config="true" signature="setup()[pri:0, instance:com.juaracoding.resttest.api.LoginAPITest@255b53dc]" started-at="2025-12-10T10:07:52 WIB" name="setup" finished-at="2025-12-10T10:07:52 WIB" duration-ms="230" status="PASS">
          <reporter-output>
          </reporter-output>
        </test-method> <!-- setup -->
        <test-method signature="loginTest(java.lang.String,java.lang.String)[pri:0, instance:com.juaracoding.resttest.api.LoginAPITest@255b53dc]" started-at="2025-12-10T10:07:52 WIB" name="loginTest" data-provider="userCredentials" finished-at="2025-12-10T10:07:54 WIB" duration-ms="1764" status="PASS">
          <params>
            <param index="0">
              <value>
                <![CDATA[johnd]]>
              </value>
            </param>
            <param index="1">
              <value>
                <![CDATA[m38rmF$]]>
              </value>
            </param>
          </params>
          <reporter-output>
          </reporter-output>
        </test-method> <!-- loginTest -->
        <test-method signature="loginTest(java.lang.String,java.lang.String)[pri:0, instance:com.juaracoding.resttest.api.LoginAPITest@255b53dc]" started-at="2025-12-10T10:07:54 WIB" name="loginTest" data-provider="userCredentials" finished-at="2025-12-10T10:07:55 WIB" duration-ms="535" status="PASS">
          <params>
            <param index="0">
              <value>
                <![CDATA[mor_2314]]>
              </value>
            </param>
            <param index="1">
              <value>
                <![CDATA[83r5^_]]>
              </value>
            </param>
          </params>
          <reporter-output>
          </reporter-output>
        </test-method> <!-- loginTest -->
        <test-method signature="loginTest(java.lang.String,java.lang.String)[pri:0, instance:com.juaracoding.resttest.api.LoginAPITest@255b53dc]" started-at="2025-12-10T10:07:55 WIB" name="loginTest" data-provider="userCredentials" finished-at="2025-12-10T10:07:55 WIB" duration-ms="452" status="PASS">
          <params>
            <param index="0">
              <value>
                <![CDATA[kevinryan]]>
              </value>
            </param>
            <param index="1">
              <value>
                <![CDATA[kev02937@]]>
              </value>
            </param>
          </params>
          <reporter-output>
          </reporter-output>
        </test-method> <!-- loginTest -->
        <test-method signature="loginTest(java.lang.String,java.lang.String)[pri:0, instance:com.juaracoding.resttest.api.LoginAPITest@255b53dc]" started-at="2025-12-10T10:07:55 WIB" name="loginTest" data-provider="userCredentials" finished-at="2025-12-10T10:07:56 WIB" duration-ms="570" status="PASS">
          <params>
            <param index="0">
              <value>
                <![CDATA[donero]]>
              </value>
            </param>
            <param index="1">
              <value>
                <![CDATA[ewedon]]>
              </value>
            </param>
          </params>
          <reporter-output>
          </reporter-output>
        </test-method> <!-- loginTest -->
        <test-method signature="loginTest(java.lang.String,java.lang.String)[pri:0, instance:com.juaracoding.resttest.api.LoginAPITest@255b53dc]" started-at="2025-12-10T10:07:56 WIB" name="loginTest" data-provider="userCredentials" finished-at="2025-12-10T10:07:56 WIB" duration-ms="510" status="PASS">
          <params>
            <param index="0">
              <value>
                <![CDATA[derek]]>
              </value>
            </param>
            <param index="1">
              <value>
                <![CDATA[jklg*_56]]>
              </value>
            </param>
          </params>
          <reporter-output>
          </reporter-output>
        </test-method> <!-- loginTest -->
        <test-method signature="loginTest(java.lang.String,java.lang.String)[pri:0, instance:com.juaracoding.resttest.api.LoginAPITest@255b53dc]" started-at="2025-12-10T10:07:56 WIB" name="loginTest" data-provider="userCredentials" finished-at="2025-12-10T10:07:57 WIB" duration-ms="541" status="PASS">
          <params>
            <param index="0">
              <value>
                <![CDATA[david_r]]>
              </value>
            </param>
            <param index="1">
              <value>
                <![CDATA[3478*#54]]>
              </value>
            </param>
          </params>
          <reporter-output>
          </reporter-output>
        </test-method> <!-- loginTest -->
        <test-method signature="loginTest(java.lang.String,java.lang.String)[pri:0, instance:com.juaracoding.resttest.api.LoginAPITest@255b53dc]" started-at="2025-12-10T10:07:57 WIB" name="loginTest" data-provider="userCredentials" finished-at="2025-12-10T10:07:57 WIB" duration-ms="480" status="PASS">
          <params>
            <param index="0">
              <value>
                <![CDATA[snyder]]>
              </value>
            </param>
            <param index="1">
              <value>
                <![CDATA[f238&@*$]]>
              </value>
            </param>
          </params>
          <reporter-output>
          </reporter-output>
        </test-method> <!-- loginTest -->
        <test-method signature="loginTest(java.lang.String,java.lang.String)[pri:0, instance:com.juaracoding.resttest.api.LoginAPITest@255b53dc]" started-at="2025-12-10T10:07:57 WIB" name="loginTest" data-provider="userCredentials" finished-at="2025-12-10T10:07:58 WIB" duration-ms="455" status="PASS">
          <params>
            <param index="0">
              <value>
                <![CDATA[hopkins]]>
              </value>
            </param>
            <param index="1">
              <value>
                <![CDATA[William56$hj]]>
              </value>
            </param>
          </params>
          <reporter-output>
          </reporter-output>
        </test-method> <!-- loginTest -->
        <test-method signature="loginTest(java.lang.String,java.lang.String)[pri:0, instance:com.juaracoding.resttest.api.LoginAPITest@255b53dc]" started-at="2025-12-10T10:07:58 WIB" name="loginTest" data-provider="userCredentials" finished-at="2025-12-10T10:07:58 WIB" duration-ms="466" status="PASS">
          <params>
            <param index="0">
              <value>
                <![CDATA[kate_h]]>
              </value>
            </param>
            <param index="1">
              <value>
                <![CDATA[kfejk@*_]]>
              </value>
            </param>
          </params>
          <reporter-output>
          </reporter-output>
        </test-method> <!-- loginTest -->
        <test-method signature="loginTest(java.lang.String,java.lang.String)[pri:0, instance:com.juaracoding.resttest.api.LoginAPITest@255b53dc]" started-at="2025-12-10T10:07:58 WIB" name="loginTest" data-provider="userCredentials" finished-at="2025-12-10T10:07:59 WIB" duration-ms="511" status="PASS">
          <params>
            <param index="0">
              <value>
                <![CDATA[jimmie_k]]>
              </value>
            </param>
            <param index="1">
              <value>
                <![CDATA[klein*#%*]]>
              </value>
            </param>
          </params>
          <reporter-output>
          </reporter-output>
        </test-method> <!-- loginTest -->
      </class> <!-- com.juaracoding.resttest.api.LoginAPITest -->
      <class name="com.juaracoding.resttest.api.ProductAPITest">
        <test-method is-config="true" signature="setup()[pri:0, instance:com.juaracoding.resttest.api.ProductAPITest@3b2c72c2]" started-at="2025-12-10T10:07:52 WIB" name="setup" finished-at="2025-12-10T10:07:52 WIB" duration-ms="75" status="PASS">
          <reporter-output>
          </reporter-output>
        </test-method> <!-- setup -->
        <test-method signature="findAllTest()[pri:1, instance:com.juaracoding.resttest.api.ProductAPITest@3b2c72c2]" started-at="2025-12-10T10:07:59 WIB" name="findAllTest" finished-at="2025-12-10T10:07:59 WIB" duration-ms="430" status="PASS">
          <reporter-output>
          </reporter-output>
        </test-method> <!-- findAllTest -->
        <test-method signature="createTest()[pri:2, instance:com.juaracoding.resttest.api.ProductAPITest@3b2c72c2]" started-at="2025-12-10T10:07:59 WIB" name="createTest" finished-at="2025-12-10T10:08:00 WIB" duration-ms="405" status="PASS">
          <reporter-output>
          </reporter-output>
        </test-method> <!-- createTest -->
        <test-method signature="productDetailTest()[pri:3, instance:com.juaracoding.resttest.api.ProductAPITest@3b2c72c2]" started-at="2025-12-10T10:08:00 WIB" name="productDetailTest" finished-at="2025-12-10T10:08:00 WIB" duration-ms="398" status="PASS">
          <reporter-output>
          </reporter-output>
        </test-method> <!-- productDetailTest -->
        <test-method signature="updateProductTest()[pri:4, instance:com.juaracoding.resttest.api.ProductAPITest@3b2c72c2]" started-at="2025-12-10T10:08:00 WIB" name="updateProductTest" finished-at="2025-12-10T10:08:00 WIB" duration-ms="414" status="PASS">
          <reporter-output>
          </reporter-output>
        </test-method> <!-- updateProductTest -->
        <test-method signature="deleteProductTest()[pri:5, instance:com.juaracoding.resttest.api.ProductAPITest@3b2c72c2]" started-at="2025-12-10T10:08:00 WIB" name="deleteProductTest" finished-at="2025-12-10T10:08:01 WIB" duration-ms="409" status="PASS">
          <reporter-output>
          </reporter-output>
        </test-method> <!-- deleteProductTest -->
      </class> <!-- com.juaracoding.resttest.api.ProductAPITest -->
    </test> <!-- Command line test -->
  </suite> <!-- Command line suite -->
</testng-results>
