<?xml version="1.0" encoding="UTF-8"?>
<!-- Generated by org.testng.reporters.JUnitReportReporter -->
<testsuite hostname="Asus" failures="0" tests="10" name="com.juaracoding.resttest.api.LoginAPITest" time="6.284" errors="0" timestamp="2025-12-10T10:08:01 WIB" skipped="0">
  <testcase classname="com.juaracoding.resttest.api.LoginAPITest" name="loginTest" time="0.570"/>
  <testcase classname="com.juaracoding.resttest.api.LoginAPITest" name="loginTest" time="0.510"/>
  <testcase classname="com.juaracoding.resttest.api.LoginAPITest" name="loginTest" time="0.466"/>
  <testcase classname="com.juaracoding.resttest.api.LoginAPITest" name="loginTest" time="0.455"/>
  <testcase classname="com.juaracoding.resttest.api.LoginAPITest" name="loginTest" time="0.480"/>
  <testcase classname="com.juaracoding.resttest.api.LoginAPITest" name="loginTest" time="0.541"/>
  <testcase classname="com.juaracoding.resttest.api.LoginAPITest" name="loginTest" time="0.511"/>
  <testcase classname="com.juaracoding.resttest.api.LoginAPITest" name="loginTest" time="0.452"/>
  <testcase classname="com.juaracoding.resttest.api.LoginAPITest" name="loginTest" time="1.764"/>
  <testcase classname="com.juaracoding.resttest.api.LoginAPITest" name="loginTest" time="0.535"/>
</testsuite> <!-- com.juaracoding.resttest.api.LoginAPITest -->
