<?xml version="1.0" encoding="UTF-8"?>
<!-- Generated by org.testng.reporters.JUnitReportReporter -->
<testsuite hostname="Asus" failures="0" tests="6" name="com.juaracoding.resttest.api.ProductAPITest" time="2.056" errors="0" timestamp="2025-12-10T10:08:01 WIB" skipped="1">
  <testcase classname="com.juaracoding.resttest.api.ProductAPITest" name="findAllTest" time="0.430"/>
  <testcase classname="com.juaracoding.resttest.api.ProductAPITest" name="createTest" time="0.405"/>
  <testcase classname="com.juaracoding.resttest.api.ProductAPITest" name="productDetailTest" time="0.398"/>
  <testcase classname="com.juaracoding.resttest.api.ProductAPITest" name="updateProductTest" time="0.414"/>
  <testcase classname="com.juaracoding.resttest.api.ProductAPITest" name="deleteProductTest" time="0.409"/>
  <testcase classname="com.juaracoding.resttest.api.ProductAPITest" name="myTestAPI">
    <skipped/>
  </testcase> <!-- myTestAPI -->
</testsuite> <!-- com.juaracoding.resttest.api.ProductAPITest -->
